<?xml version="1.0" encoding="UTF-8"?>
<!-- Generated by org.testng.reporters.JUnitXMLReporter -->
<testsuite ignored="0" hostname="Hatems-MacBook-Air.local" failures="4" tests="4" name="Surefire test" time="3.846" errors="0" timestamp="2024-12-14T22:56:25 EET">
  <testcase classname="tests.UserTests" name="testCreateUserWithData" time="1.674">
    <failure type="java.lang.AssertionError" message="Verify the status code is 200 expected [200] but found [500]">
      <![CDATA[java.lang.AssertionError: Verify the status code is 200 expected [200] but found [500]
at tests.UserTests.testCreateUserWithData(UserTests.java:45)
at java.base/java.util.ArrayList.forEach(ArrayList.java:1597)
... Removed 35 stack frames]]>
    </failure>
  </testcase> <!-- testCreateUserWithData -->
  <testcase classname="tests.UserTests" name="testGetUserById" time="0.684">
    <failure type="java.lang.AssertionError" message="Verify the status code is 200 expected [200] but found [500]">
      <![CDATA[java.lang.AssertionError: Verify the status code is 200 expected [200] but found [500]
at tests.UserTests.testGetUserById(UserTests.java:63)
at java.base/java.util.ArrayList.forEach(ArrayList.java:1597)
... Removed 35 stack frames]]>
    </failure>
  </testcase> <!-- testGetUserById -->
  <testcase classname="tests.UserTests" name="testUpdateUser" time="0.71">
    <failure type="java.lang.AssertionError" message="Verify the status code is 200 expected [200] but found [500]">
      <![CDATA[java.lang.AssertionError: Verify the status code is 200 expected [200] but found [500]
at tests.UserTests.testUpdateUser(UserTests.java:95)
at java.base/java.util.ArrayList.forEach(ArrayList.java:1597)
... Removed 35 stack frames]]>
    </failure>
  </testcase> <!-- testUpdateUser -->
  <testcase classname="tests.UserTests" name="testDeleteUser" time="0.707">
    <failure type="java.lang.AssertionError" message="Verify the status code is 200 expected [200] but found [500]">
      <![CDATA[java.lang.AssertionError: Verify the status code is 200 expected [200] but found [500]
at tests.UserTests.testDeleteUser(UserTests.java:112)
at java.base/java.util.ArrayList.forEach(ArrayList.java:1597)
... Removed 35 stack frames]]>
    </failure>
  </testcase> <!-- testDeleteUser -->
</testsuite> <!-- Surefire test -->
